<?xml version="1.0" encoding="UTF-8"?>
<!-- Generated by org.testng.reporters.JUnitXMLReporter -->
<testsuite hostname="deepaksharma-HP" name="Least Per Asests Test" tests="3" failures="0" timestamp="14 Oct 2014 18:12:47 GMT" time="14.363" errors="0">
  <testcase name="LeastPerAssetsTest" time="14.227" classname="com.qtpselenium.framework.datadriven.PortFolioSuite.LeastPerAssetsTest"/>
  <testcase name="LeastPerAssetsTest" time="0.061" classname="com.qtpselenium.framework.datadriven.PortFolioSuite.LeastPerAssetsTest">
    <skipped/>
  </testcase> <!-- LeastPerAssetsTest -->
  <testcase name="LeastPerAssetsTest" time="0.037" classname="com.qtpselenium.framework.datadriven.PortFolioSuite.LeastPerAssetsTest">
    <skipped/>
  </testcase> <!-- LeastPerAssetsTest -->
</testsuite> <!-- Least Per Asests Test -->
