<?xml version="1.0" encoding="UTF-8"?>
<!-- Generated by org.testng.reporters.JUnitXMLReporter -->
<testsuite hostname="deepaksharma-HP" name="Add Stock Test" tests="3" failures="0" timestamp="14 Oct 2014 18:12:59 GMT" time="11.419" errors="0">
  <testcase name="AddStockTest" time="0.033" classname="com.qtpselenium.framework.datadriven.StockSuite.AddStockTest">
    <skipped/>
  </testcase> <!-- AddStockTest -->
  <testcase name="AddStockTest" time="0.034" classname="com.qtpselenium.framework.datadriven.StockSuite.AddStockTest">
    <skipped/>
  </testcase> <!-- AddStockTest -->
  <testcase name="AddStockTest" time="11.318" classname="com.qtpselenium.framework.datadriven.StockSuite.AddStockTest"/>
</testsuite> <!-- Add Stock Test -->
