<?xml version="1.0" encoding="UTF-8"?>
<!-- Generated by org.testng.reporters.JUnitXMLReporter -->
<testsuite hostname="deepaksharma-HP" name="Least Per Asests Test" tests="1" failures="1" timestamp="11 Oct 2014 12:57:32 GMT" time="0.144" errors="0">
  <testcase name="test2" time="0.092" classname="com.qtpselenium.framework.datadriven.PortFolioSuite.LeastPerAssetsTest">
    <failure type="java.lang.NullPointerException">
      <![CDATA[java.lang.NullPointerException
	at com.qtpselenium.framwork.datadriven.TestBase.ValidateRunmodes(TestBase.java:55)
	at com.qtpselenium.framework.datadriven.PortFolioSuite.LeastPerAssetsTest.test2(LeastPerAssetsTest.java:20)
... Removed 25 stack frames]]>
    </failure>
  </testcase> <!-- test2 -->
</testsuite> <!-- Least Per Asests Test -->
