<?xml version="1.0" encoding="UTF-8"?>
<!-- Generated by org.testng.reporters.JUnitXMLReporter -->
<testsuite hostname="deepaksharma-HP" name="Login Test" tests="3" failures="0" timestamp="11 Oct 2014 12:57:32 GMT" time="12.133" errors="0">
  <testcase name="LoginTest" time="0.087" classname="com.qtpselenium.framework.datadriven.PortFolioSuite.LoginTest">
    <skipped/>
  </testcase> <!-- LoginTest -->
  <testcase name="LoginTest" time="0.077" classname="com.qtpselenium.framework.datadriven.PortFolioSuite.LoginTest">
    <skipped/>
  </testcase> <!-- LoginTest -->
  <testcase name="LoginTest" time="11.12" classname="com.qtpselenium.framework.datadriven.PortFolioSuite.LoginTest"/>
</testsuite> <!-- Login Test -->
