<?xml version="1.0" encoding="UTF-8"?>
<!-- Generated by org.testng.reporters.JUnitXMLReporter -->
<testsuite hostname="deepaksharma-HP" name="Test 2" tests="3" failures="0" timestamp="11 Oct 2014 06:08:50 GMT" time="0.14" errors="0">
  <testcase name="test2" time="0.039" classname="com.qtpselenium.framework.datadriven.suiteA.Test2">
    <skipped/>
  </testcase> <!-- test2 -->
  <testcase name="test2" time="0.036" classname="com.qtpselenium.framework.datadriven.suiteA.Test2">
    <skipped/>
  </testcase> <!-- test2 -->
  <testcase name="test2" time="0.037" classname="com.qtpselenium.framework.datadriven.suiteA.Test2">
    <skipped/>
  </testcase> <!-- test2 -->
</testsuite> <!-- Test 2 -->
