<?xml version="1.0" encoding="UTF-8"?>
<!-- Generated by org.testng.reporters.JUnitXMLReporter -->
<testsuite hostname="deepaksharma-HP" name="Test 1" tests="3" failures="0" timestamp="11 Oct 2014 06:08:50 GMT" time="1.016" errors="0">
  <testcase name="test1" time="0.083" classname="com.qtpselenium.framework.datadriven.suiteA.Test1"/>
  <testcase name="test1" time="0.067" classname="com.qtpselenium.framework.datadriven.suiteA.Test1">
    <skipped/>
  </testcase> <!-- test1 -->
  <testcase name="test1" time="0.052" classname="com.qtpselenium.framework.datadriven.suiteA.Test1"/>
</testsuite> <!-- Test 1 -->
