<?xml version="1.0" encoding="UTF-8"?>
<!-- Generated by org.testng.reporters.JUnitXMLReporter -->
<testsuite hostname="deepaksharma-HP" name="Test 1" tests="3" failures="0" timestamp="12 Oct 2014 14:58:25 GMT" time="0.34" errors="0">
  <testcase name="test1" time="0.107" classname="com.qtpselenium.framework.datadriven.suiteB.Test1">
    <skipped/>
  </testcase> <!-- test1 -->
  <testcase name="test1" time="0.08" classname="com.qtpselenium.framework.datadriven.suiteB.Test1">
    <skipped/>
  </testcase> <!-- test1 -->
  <testcase name="test1" time="0.071" classname="com.qtpselenium.framework.datadriven.suiteB.Test1">
    <skipped/>
  </testcase> <!-- test1 -->
</testsuite> <!-- Test 1 -->
