<?xml version="1.0" encoding="UTF-8"?>
<!-- Generated by org.testng.reporters.JUnitXMLReporter -->
<testsuite hostname="deepaksharma-HP" name="Test 2" tests="3" failures="0" timestamp="12 Oct 2014 14:58:25 GMT" time="0.325" errors="0">
  <testcase name="test2" time="0.109" classname="com.qtpselenium.framework.datadriven.suiteB.Test2">
    <skipped/>
  </testcase> <!-- test2 -->
  <testcase name="test2" time="0.081" classname="com.qtpselenium.framework.datadriven.suiteB.Test2">
    <skipped/>
  </testcase> <!-- test2 -->
  <testcase name="test2" time="0.078" classname="com.qtpselenium.framework.datadriven.suiteB.Test2">
    <skipped/>
  </testcase> <!-- test2 -->
</testsuite> <!-- Test 2 -->
